[debug] [2022-07-12T16:47:32.045Z] ----------------------------------------------------------------------
[debug] [2022-07-12T16:47:32.050Z] Command:       C:\Program Files\nodejs\node.exe C:\Users\heman\AppData\Roaming\npm\node_modules\firebase-tools\lib\bin\firebase.js init
[debug] [2022-07-12T16:47:32.051Z] CLI Version:   11.2.1
[debug] [2022-07-12T16:47:32.051Z] Platform:      win32
[debug] [2022-07-12T16:47:32.051Z] Node Version:  v16.15.0
[debug] [2022-07-12T16:47:32.053Z] Time:          Tue Jul 12 2022 22:17:32 GMT+0530 (India Standard Time)
[debug] [2022-07-12T16:47:32.055Z] ----------------------------------------------------------------------
[debug] 
[debug] [2022-07-12T16:47:32.074Z] > command requires scopes: ["email","openid","https://www.googleapis.com/auth/cloudplatformprojects.readonly","https://www.googleapis.com/auth/firebase","https://www.googleapis.com/auth/cloud-platform"]
[debug] [2022-07-12T16:47:32.075Z] > authorizing via signed-in user (201951070@iiitvadodara.ac.in)
[info] 
     ######## #### ########  ######## ########     ###     ######  ########
     ##        ##  ##     ## ##       ##     ##  ##   ##  ##       ##
     ######    ##  ########  ######   ########  #########  ######  ######
     ##        ##  ##    ##  ##       ##     ## ##     ##       ## ##
     ##       #### ##     ## ######## ########  ##     ##  ######  ########

You're about to initialize a Firebase project in this directory:

  C:\Users\heman\Documents\Gymkhana

[debug] [2022-07-12T20:08:00.725Z] Error: kill ENOSYS
    at process.kill (node:internal/process/per_thread:220:13)
    at process.listener (C:\Users\heman\AppData\Roaming\npm\node_modules\firebase-tools\node_modules\signal-exit\index.js:95:15)
    at process.emit (node:events:527:28)
[error] 
[error] Error: An unexpected error has occurred.
